0 info it worked if it ends with ok
1 verbose cli [ '/usr/local/bin/node',
1 verbose cli   '/usr/local/bin/npm',
1 verbose cli   'install',
1 verbose cli   '--save',
1 verbose cli   'vue-material' ]
2 info using npm@3.10.3
3 info using node@v6.4.0
4 verbose config Skipping project config: /Users/kfrei/.npmrc. (matches userconfig)
5 silly loadCurrentTree Starting
6 silly install loadCurrentTree
7 silly install readLocalPackageData
8 silly fetchPackageMetaData vue-material
9 silly fetchNamedPackageData vue-material
10 silly mapToRegistry name vue-material
11 silly mapToRegistry using default registry
12 silly mapToRegistry registry https://registry.npmjs.org/
13 silly mapToRegistry data Result {
13 silly mapToRegistry   raw: 'vue-material',
13 silly mapToRegistry   scope: null,
13 silly mapToRegistry   escapedName: 'vue-material',
13 silly mapToRegistry   name: 'vue-material',
13 silly mapToRegistry   rawSpec: '',
13 silly mapToRegistry   spec: 'latest',
13 silly mapToRegistry   type: 'tag' }
14 silly mapToRegistry uri https://registry.npmjs.org/vue-material
15 verbose request uri https://registry.npmjs.org/vue-material
16 verbose request no auth needed
17 info attempt registry request try #1 at 12:11:12 PM
18 verbose request id 58d94512d658ea68
19 http request GET https://registry.npmjs.org/vue-material
20 http 200 https://registry.npmjs.org/vue-material
21 verbose headers { server: 'nginx/1.10.1',
21 verbose headers   'content-type': 'application/json',
21 verbose headers   'last-modified': 'Fri, 16 Dec 2016 20:55:13 GMT',
21 verbose headers   etag: 'W/"585454b1-1116b"',
21 verbose headers   'content-encoding': 'gzip',
21 verbose headers   'cache-control': 'max-age=300',
21 verbose headers   'content-length': '7244',
21 verbose headers   'accept-ranges': 'bytes',
21 verbose headers   date: 'Wed, 21 Dec 2016 10:11:13 GMT',
21 verbose headers   via: '1.1 varnish',
21 verbose headers   age: '0',
21 verbose headers   connection: 'keep-alive',
21 verbose headers   'x-served-by': 'cache-lhr6326-LHR',
21 verbose headers   'x-cache': 'MISS',
21 verbose headers   'x-cache-hits': '0',
21 verbose headers   'x-timer': 'S1482315073.122278,VS0,VE18',
21 verbose headers   vary: 'Accept-Encoding' }
22 silly get cb [ 200,
22 silly get   { server: 'nginx/1.10.1',
22 silly get     'content-type': 'application/json',
22 silly get     'last-modified': 'Fri, 16 Dec 2016 20:55:13 GMT',
22 silly get     etag: 'W/"585454b1-1116b"',
22 silly get     'content-encoding': 'gzip',
22 silly get     'cache-control': 'max-age=300',
22 silly get     'content-length': '7244',
22 silly get     'accept-ranges': 'bytes',
22 silly get     date: 'Wed, 21 Dec 2016 10:11:13 GMT',
22 silly get     via: '1.1 varnish',
22 silly get     age: '0',
22 silly get     connection: 'keep-alive',
22 silly get     'x-served-by': 'cache-lhr6326-LHR',
22 silly get     'x-cache': 'MISS',
22 silly get     'x-cache-hits': '0',
22 silly get     'x-timer': 'S1482315073.122278,VS0,VE18',
22 silly get     vary: 'Accept-Encoding' } ]
23 verbose get saving vue-material to /Users/kfrei/.npm/registry.npmjs.org/vue-material/.cache.json
24 verbose correctMkdir /Users/kfrei/.npm correctMkdir not in flight; initializing
25 silly install normalizeTree
26 silly loadCurrentTree Finishing
27 silly loadIdealTree Starting
28 silly install loadIdealTree
29 silly cloneCurrentTree Starting
30 silly install cloneCurrentTreeToIdealTree
31 silly cloneCurrentTree Finishing
32 silly loadShrinkwrap Starting
33 silly install loadShrinkwrap
34 silly loadShrinkwrap Finishing
35 silly loadAllDepsIntoIdealTree Starting
36 silly install loadAllDepsIntoIdealTree
37 silly resolveWithNewModule vue-material@0.5.1 checking installable status
38 silly cache add args [ 'vue-material', null ]
39 verbose cache add spec vue-material
40 silly cache add parsed spec Result {
40 silly cache add   raw: 'vue-material',
40 silly cache add   scope: null,
40 silly cache add   escapedName: 'vue-material',
40 silly cache add   name: 'vue-material',
40 silly cache add   rawSpec: '',
40 silly cache add   spec: 'latest',
40 silly cache add   type: 'tag' }
41 silly addNamed vue-material@latest
42 verbose addNamed "latest" is being treated as a dist-tag for vue-material
43 info addNameTag [ 'vue-material', 'latest' ]
44 silly mapToRegistry name vue-material
45 silly mapToRegistry using default registry
46 silly mapToRegistry registry https://registry.npmjs.org/
47 silly mapToRegistry data Result {
47 silly mapToRegistry   raw: 'vue-material',
47 silly mapToRegistry   scope: null,
47 silly mapToRegistry   escapedName: 'vue-material',
47 silly mapToRegistry   name: 'vue-material',
47 silly mapToRegistry   rawSpec: '',
47 silly mapToRegistry   spec: 'latest',
47 silly mapToRegistry   type: 'tag' }
48 silly mapToRegistry uri https://registry.npmjs.org/vue-material
49 verbose addNameTag registry:https://registry.npmjs.org/vue-material not in flight; fetching
50 verbose get https://registry.npmjs.org/vue-material not expired, no request
51 silly addNameTag next cb for vue-material with tag latest
52 silly addNamed vue-material@0.5.1
53 verbose addNamed "0.5.1" is a plain semver version for vue-material
54 silly mapToRegistry name vue-material
55 silly mapToRegistry using default registry
56 silly mapToRegistry registry https://registry.npmjs.org/
57 silly mapToRegistry data Result {
57 silly mapToRegistry   raw: 'vue-material',
57 silly mapToRegistry   scope: null,
57 silly mapToRegistry   escapedName: 'vue-material',
57 silly mapToRegistry   name: 'vue-material',
57 silly mapToRegistry   rawSpec: '',
57 silly mapToRegistry   spec: 'latest',
57 silly mapToRegistry   type: 'tag' }
58 silly mapToRegistry uri https://registry.npmjs.org/vue-material
59 verbose addRemoteTarball https://registry.npmjs.org/vue-material/-/vue-material-0.5.1.tgz not in flight; adding
60 verbose addRemoteTarball [ 'https://registry.npmjs.org/vue-material/-/vue-material-0.5.1.tgz',
60 verbose addRemoteTarball   '9be6ec0d25a9da141893557a914312febdb0aeb0' ]
61 info retry fetch attempt 1 at 12:11:13 PM
62 info attempt registry request try #1 at 12:11:13 PM
63 http fetch GET https://registry.npmjs.org/vue-material/-/vue-material-0.5.1.tgz
64 http fetch 200 https://registry.npmjs.org/vue-material/-/vue-material-0.5.1.tgz
65 silly fetchAndShaCheck shasum 9be6ec0d25a9da141893557a914312febdb0aeb0
66 verbose addTmpTarball /var/folders/3b/sqqq922s12d7_1y0sm41n1340000gn/T/npm-39866-6c652d41/registry.npmjs.org/vue-material/-/vue-material-0.5.1.tgz not in flight; adding
67 verbose addTmpTarball already have metadata; skipping unpack for vue-material@0.5.1
68 verbose correctMkdir /Users/kfrei/.npm correctMkdir not in flight; initializing
69 silly cache afterAdd vue-material@0.5.1
70 verbose afterAdd /Users/kfrei/.npm/vue-material/0.5.1/package/package.json not in flight; writing
71 verbose correctMkdir /Users/kfrei/.npm correctMkdir not in flight; initializing
72 verbose afterAdd /Users/kfrei/.npm/vue-material/0.5.1/package/package.json written
73 silly fetchNamedPackageData vue
74 silly mapToRegistry name vue
75 silly mapToRegistry using default registry
76 silly mapToRegistry registry https://registry.npmjs.org/
77 silly mapToRegistry data Result {
77 silly mapToRegistry   raw: 'vue',
77 silly mapToRegistry   scope: null,
77 silly mapToRegistry   escapedName: 'vue',
77 silly mapToRegistry   name: 'vue',
77 silly mapToRegistry   rawSpec: '',
77 silly mapToRegistry   spec: 'latest',
77 silly mapToRegistry   type: 'tag' }
78 silly mapToRegistry uri https://registry.npmjs.org/vue
79 verbose request uri https://registry.npmjs.org/vue
80 verbose request no auth needed
81 info attempt registry request try #1 at 12:11:15 PM
82 verbose etag W/"58553709-6b2d3"
83 verbose lastModified Sat, 17 Dec 2016 13:00:57 GMT
84 http request GET https://registry.npmjs.org/vue
85 http 304 https://registry.npmjs.org/vue
86 verbose headers { date: 'Wed, 21 Dec 2016 10:11:15 GMT',
86 verbose headers   via: '1.1 varnish',
86 verbose headers   'cache-control': 'max-age=300',
86 verbose headers   etag: 'W/"58553709-6b2d3"',
86 verbose headers   age: '181',
86 verbose headers   connection: 'keep-alive',
86 verbose headers   'x-served-by': 'cache-lhr6326-LHR',
86 verbose headers   'x-cache': 'HIT',
86 verbose headers   'x-cache-hits': '1',
86 verbose headers   'x-timer': 'S1482315075.875563,VS0,VE0',
86 verbose headers   vary: 'Accept-Encoding' }
87 silly get cb [ 304,
87 silly get   { date: 'Wed, 21 Dec 2016 10:11:15 GMT',
87 silly get     via: '1.1 varnish',
87 silly get     'cache-control': 'max-age=300',
87 silly get     etag: 'W/"58553709-6b2d3"',
87 silly get     age: '181',
87 silly get     connection: 'keep-alive',
87 silly get     'x-served-by': 'cache-lhr6326-LHR',
87 silly get     'x-cache': 'HIT',
87 silly get     'x-cache-hits': '1',
87 silly get     'x-timer': 'S1482315075.875563,VS0,VE0',
87 silly get     vary: 'Accept-Encoding' } ]
88 verbose etag https://registry.npmjs.org/vue from cache
89 verbose get saving vue to /Users/kfrei/.npm/registry.npmjs.org/vue/.cache.json
90 verbose correctMkdir /Users/kfrei/.npm correctMkdir not in flight; initializing
91 silly resolveWithNewModule vue@2.1.6 checking installable status
92 silly cache add args [ 'vue@^2.1.6', null ]
93 verbose cache add spec vue@^2.1.6
94 silly cache add parsed spec Result {
94 silly cache add   raw: 'vue@^2.1.6',
94 silly cache add   scope: null,
94 silly cache add   escapedName: 'vue',
94 silly cache add   name: 'vue',
94 silly cache add   rawSpec: '^2.1.6',
94 silly cache add   spec: '>=2.1.6 <3.0.0',
94 silly cache add   type: 'range' }
95 silly addNamed vue@>=2.1.6 <3.0.0
96 verbose addNamed ">=2.1.6 <3.0.0" is a valid semver range for vue
97 silly addNameRange { name: 'vue', range: '>=2.1.6 <3.0.0', hasData: false }
98 silly mapToRegistry name vue
99 silly mapToRegistry using default registry
100 silly mapToRegistry registry https://registry.npmjs.org/
101 silly mapToRegistry data Result {
101 silly mapToRegistry   raw: 'vue',
101 silly mapToRegistry   scope: null,
101 silly mapToRegistry   escapedName: 'vue',
101 silly mapToRegistry   name: 'vue',
101 silly mapToRegistry   rawSpec: '',
101 silly mapToRegistry   spec: 'latest',
101 silly mapToRegistry   type: 'tag' }
102 silly mapToRegistry uri https://registry.npmjs.org/vue
103 verbose addNameRange registry:https://registry.npmjs.org/vue not in flight; fetching
104 verbose get https://registry.npmjs.org/vue not expired, no request
105 silly addNameRange number 2 { name: 'vue', range: '>=2.1.6 <3.0.0', hasData: true }
106 silly addNameRange versions [ 'vue',
106 silly addNameRange   [ '0.0.0',
106 silly addNameRange     '0.6.0',
106 silly addNameRange     '0.7.0',
106 silly addNameRange     '0.7.1',
106 silly addNameRange     '0.7.3',
106 silly addNameRange     '0.7.4',
106 silly addNameRange     '0.7.5',
106 silly addNameRange     '0.7.6',
106 silly addNameRange     '0.8.0',
106 silly addNameRange     '0.8.1',
106 silly addNameRange     '0.8.2',
106 silly addNameRange     '0.8.3',
106 silly addNameRange     '0.8.4',
106 silly addNameRange     '0.8.6',
106 silly addNameRange     '0.8.7',
106 silly addNameRange     '0.8.8',
106 silly addNameRange     '0.9.0',
106 silly addNameRange     '0.9.1',
106 silly addNameRange     '0.9.2',
106 silly addNameRange     '0.9.3',
106 silly addNameRange     '0.10.0',
106 silly addNameRange     '0.10.1',
106 silly addNameRange     '0.10.2',
106 silly addNameRange     '0.10.3',
106 silly addNameRange     '0.10.4',
106 silly addNameRange     '0.10.5',
106 silly addNameRange     '0.10.6',
106 silly addNameRange     '0.11.0-rc',
106 silly addNameRange     '0.11.0-rc2',
106 silly addNameRange     '0.11.0-rc3',
106 silly addNameRange     '0.11.0',
106 silly addNameRange     '0.11.1',
106 silly addNameRange     '0.11.2',
106 silly addNameRange     '0.11.3',
106 silly addNameRange     '0.11.4',
106 silly addNameRange     '0.11.5',
106 silly addNameRange     '0.11.6',
106 silly addNameRange     '0.11.7',
106 silly addNameRange     '0.11.8',
106 silly addNameRange     '0.11.9',
106 silly addNameRange     '0.11.10',
106 silly addNameRange     '0.12.0-beta1',
106 silly addNameRange     '0.12.0-beta2',
106 silly addNameRange     '0.12.0-beta3',
106 silly addNameRange     '0.12.0-beta4',
106 silly addNameRange     '0.12.0-beta5',
106 silly addNameRange     '0.12.0-rc',
106 silly addNameRange     '0.12.0-rc2',
106 silly addNameRange     '0.12.0',
106 silly addNameRange     '0.12.0-csp',
106 silly addNameRange     '0.12.1',
106 silly addNameRange     '0.12.1-csp',
106 silly addNameRange     '0.12.1-csp.1',
106 silly addNameRange     '0.12.1-csp.2',
106 silly addNameRange     '0.12.2',
106 silly addNameRange     '0.12.3',
106 silly addNameRange     '0.12.4',
106 silly addNameRange     '0.12.5',
106 silly addNameRange     '0.12.5-csp',
106 silly addNameRange     '0.12.6',
106 silly addNameRange     '0.12.6-csp',
106 silly addNameRange     '0.12.7',
106 silly addNameRange     '0.12.7-csp',
106 silly addNameRange     '0.12.8',
106 silly addNameRange     '0.12.8-csp',
106 silly addNameRange     '0.12.9',
106 silly addNameRange     '0.12.9-csp',
106 silly addNameRange     '0.12.10',
106 silly addNameRange     '0.12.10-csp',
106 silly addNameRange     '0.12.11',
106 silly addNameRange     '0.12.11-csp',
106 silly addNameRange     '0.12.12',
106 silly addNameRange     '0.12.12-csp',
106 silly addNameRange     '1.0.0-alpha.1',
106 silly addNameRange     '1.0.0-alpha.2',
106 silly addNameRange     '0.12.13',
106 silly addNameRange     '0.12.13-csp',
106 silly addNameRange     '1.0.0-alpha.3',
106 silly addNameRange     '0.12.14',
106 silly addNameRange     '0.12.14-csp',
106 silly addNameRange     '1.0.0-alpha.4',
106 silly addNameRange     '0.12.15',
106 silly addNameRange     '0.12.15-csp',
106 silly addNameRange     '1.0.0-alpha.5',
106 silly addNameRange     '1.0.0-beta.1',
106 silly addNameRange     '0.12.16',
106 silly addNameRange     '0.12.16-csp',
106 silly addNameRange     '1.0.0-alpha.6',
106 silly addNameRange     '1.0.0-beta.2',
106 silly addNameRange     '1.0.0-alpha.7',
106 silly addNameRange     '1.0.0-beta.3',
106 silly addNameRange     '1.0.0-alpha.8',
106 silly addNameRange     '1.0.0-beta.4',
106 silly addNameRange     '1.0.0-rc.1',
106 silly addNameRange     '1.0.0-rc.2-migration',
106 silly addNameRange     '1.0.0-rc.2',
106 silly addNameRange     '1.0.0-csp',
106 silly addNameRange     '1.0.0-migration',
106 silly addNameRange     '1.0.0',
106 silly addNameRange     '1.0.1',
106 silly addNameRange     ... 87 more items ] ]
107 silly addNamed vue@2.1.6
108 verbose addNamed "2.1.6" is a plain semver version for vue
109 silly cache afterAdd vue@2.1.6
110 verbose afterAdd /Users/kfrei/.npm/vue/2.1.6/package/package.json not in flight; writing
111 verbose correctMkdir /Users/kfrei/.npm correctMkdir not in flight; initializing
112 verbose afterAdd /Users/kfrei/.npm/vue/2.1.6/package/package.json written
113 silly loadAllDepsIntoIdealTree Finishing
114 silly loadIdealTree Finishing
115 silly currentTree kfrei
115 silly currentTree ├── abbrev@1.0.9
115 silly currentTree ├── ansi-regex@2.0.0
115 silly currentTree ├── ansi-styles@2.2.1
115 silly currentTree ├── argparse@1.0.7
115 silly currentTree ├── array-find-index@1.0.1
115 silly currentTree ├── async@1.5.2
115 silly currentTree ├── balanced-match@0.4.2
115 silly currentTree ├── brace-expansion@1.1.6
115 silly currentTree ├── builtin-modules@1.1.1
115 silly currentTree ├── camelcase-keys@2.1.0
115 silly currentTree ├── camelcase@2.1.1
115 silly currentTree ├── chalk@1.1.3
115 silly currentTree ├── coffee-script@1.10.0
115 silly currentTree ├── colors@1.1.2
115 silly currentTree ├── concat-map@0.0.1
115 silly currentTree ├── currently-unhandled@0.4.1
115 silly currentTree ├── dateformat@1.0.12
115 silly currentTree ├── decamelize@1.2.0
115 silly currentTree ├── error-ex@1.3.0
115 silly currentTree ├── escape-string-regexp@1.0.5
115 silly currentTree ├── esprima@2.7.3
115 silly currentTree ├── eventemitter2@0.4.14
115 silly currentTree ├── exit@0.1.2
115 silly currentTree ├── find-up@1.1.2
115 silly currentTree ├─┬ findup-sync@0.3.0
115 silly currentTree │ └── glob@5.0.15
115 silly currentTree ├── fs.realpath@1.0.0
115 silly currentTree ├── get-stdin@4.0.1
115 silly currentTree ├── getobject@0.1.0
115 silly currentTree ├── glob@7.0.6
115 silly currentTree ├── graceful-fs@4.1.6
115 silly currentTree ├── grunt-known-options@1.1.0
115 silly currentTree ├─┬ grunt-legacy-log-utils@1.0.0
115 silly currentTree │ └── lodash@4.3.0
115 silly currentTree ├── grunt-legacy-log@1.0.0
115 silly currentTree ├─┬ grunt-legacy-util@1.0.0
115 silly currentTree │ └── lodash@4.3.0
115 silly currentTree ├─┬ grunt@1.0.1
115 silly currentTree │ └── grunt-cli@1.2.0
115 silly currentTree ├── has-ansi@2.0.0
115 silly currentTree ├── hooker@0.2.3
115 silly currentTree ├── hosted-git-info@2.1.5
115 silly currentTree ├── iconv-lite@0.4.13
115 silly currentTree ├── indent-string@2.1.0
115 silly currentTree ├── inflight@1.0.5
115 silly currentTree ├── inherits@2.0.3
115 silly currentTree ├── is-arrayish@0.2.1
115 silly currentTree ├── is-builtin-module@1.0.0
115 silly currentTree ├── is-finite@1.0.1
115 silly currentTree ├── is-utf8@0.2.1
115 silly currentTree ├── isexe@1.1.2
115 silly currentTree ├── js-yaml@3.5.5
115 silly currentTree ├── load-json-file@1.1.0
115 silly currentTree ├── lodash@3.10.1
115 silly currentTree ├── loud-rejection@1.6.0
115 silly currentTree ├── map-obj@1.0.1
115 silly currentTree ├── meow@3.7.0
115 silly currentTree ├── minimatch@3.0.3
115 silly currentTree ├── minimist@1.2.0
115 silly currentTree ├── nopt@3.0.6
115 silly currentTree ├── normalize-package-data@2.3.5
115 silly currentTree ├── number-is-nan@1.0.0
115 silly currentTree ├── object-assign@4.1.0
115 silly currentTree ├── once@1.4.0
115 silly currentTree ├── parse-json@2.2.0
115 silly currentTree ├── path-exists@2.1.0
115 silly currentTree ├── path-is-absolute@1.0.0
115 silly currentTree ├── path-type@1.1.0
115 silly currentTree ├── pify@2.3.0
115 silly currentTree ├── pinkie-promise@2.0.1
115 silly currentTree ├── pinkie@2.0.4
115 silly currentTree ├── read-pkg-up@1.0.1
115 silly currentTree ├── read-pkg@1.1.0
115 silly currentTree ├── redent@1.0.0
115 silly currentTree ├── repeating@2.0.1
115 silly currentTree ├── resolve@1.1.7
115 silly currentTree ├── rimraf@2.2.8
115 silly currentTree ├── semver@5.3.0
115 silly currentTree ├── signal-exit@3.0.1
115 silly currentTree ├── spdx-correct@1.0.2
115 silly currentTree ├── spdx-expression-parse@1.0.3
115 silly currentTree ├── spdx-license-ids@1.2.2
115 silly currentTree ├── sprintf-js@1.0.3
115 silly currentTree ├── strip-ansi@3.0.1
115 silly currentTree ├── strip-bom@2.0.0
115 silly currentTree ├── strip-indent@1.0.1
115 silly currentTree ├── supports-color@2.0.0
115 silly currentTree ├── trim-newlines@1.0.0
115 silly currentTree ├── underscore.string@3.2.3
115 silly currentTree ├── validate-npm-package-license@3.0.1
115 silly currentTree ├── which@1.2.11
115 silly currentTree └── wrappy@1.0.2
116 silly idealTree kfrei
116 silly idealTree ├── abbrev@1.0.9
116 silly idealTree ├── ansi-regex@2.0.0
116 silly idealTree ├── ansi-styles@2.2.1
116 silly idealTree ├── argparse@1.0.7
116 silly idealTree ├── array-find-index@1.0.1
116 silly idealTree ├── async@1.5.2
116 silly idealTree ├── balanced-match@0.4.2
116 silly idealTree ├── brace-expansion@1.1.6
116 silly idealTree ├── builtin-modules@1.1.1
116 silly idealTree ├── camelcase-keys@2.1.0
116 silly idealTree ├── camelcase@2.1.1
116 silly idealTree ├── chalk@1.1.3
116 silly idealTree ├── coffee-script@1.10.0
116 silly idealTree ├── colors@1.1.2
116 silly idealTree ├── concat-map@0.0.1
116 silly idealTree ├── currently-unhandled@0.4.1
116 silly idealTree ├── dateformat@1.0.12
116 silly idealTree ├── decamelize@1.2.0
116 silly idealTree ├── error-ex@1.3.0
116 silly idealTree ├── escape-string-regexp@1.0.5
116 silly idealTree ├── esprima@2.7.3
116 silly idealTree ├── eventemitter2@0.4.14
116 silly idealTree ├── exit@0.1.2
116 silly idealTree ├── find-up@1.1.2
116 silly idealTree ├─┬ findup-sync@0.3.0
116 silly idealTree │ └── glob@5.0.15
116 silly idealTree ├── fs.realpath@1.0.0
116 silly idealTree ├── get-stdin@4.0.1
116 silly idealTree ├── getobject@0.1.0
116 silly idealTree ├── glob@7.0.6
116 silly idealTree ├── graceful-fs@4.1.6
116 silly idealTree ├── grunt-known-options@1.1.0
116 silly idealTree ├─┬ grunt-legacy-log-utils@1.0.0
116 silly idealTree │ └── lodash@4.3.0
116 silly idealTree ├── grunt-legacy-log@1.0.0
116 silly idealTree ├─┬ grunt-legacy-util@1.0.0
116 silly idealTree │ └── lodash@4.3.0
116 silly idealTree ├─┬ grunt@1.0.1
116 silly idealTree │ └── grunt-cli@1.2.0
116 silly idealTree ├── has-ansi@2.0.0
116 silly idealTree ├── hooker@0.2.3
116 silly idealTree ├── hosted-git-info@2.1.5
116 silly idealTree ├── iconv-lite@0.4.13
116 silly idealTree ├── indent-string@2.1.0
116 silly idealTree ├── inflight@1.0.5
116 silly idealTree ├── inherits@2.0.3
116 silly idealTree ├── is-arrayish@0.2.1
116 silly idealTree ├── is-builtin-module@1.0.0
116 silly idealTree ├── is-finite@1.0.1
116 silly idealTree ├── is-utf8@0.2.1
116 silly idealTree ├── isexe@1.1.2
116 silly idealTree ├── js-yaml@3.5.5
116 silly idealTree ├── load-json-file@1.1.0
116 silly idealTree ├── lodash@3.10.1
116 silly idealTree ├── loud-rejection@1.6.0
116 silly idealTree ├── map-obj@1.0.1
116 silly idealTree ├── meow@3.7.0
116 silly idealTree ├── minimatch@3.0.3
116 silly idealTree ├── minimist@1.2.0
116 silly idealTree ├── nopt@3.0.6
116 silly idealTree ├── normalize-package-data@2.3.5
116 silly idealTree ├── number-is-nan@1.0.0
116 silly idealTree ├── object-assign@4.1.0
116 silly idealTree ├── once@1.4.0
116 silly idealTree ├── parse-json@2.2.0
116 silly idealTree ├── path-exists@2.1.0
116 silly idealTree ├── path-is-absolute@1.0.0
116 silly idealTree ├── path-type@1.1.0
116 silly idealTree ├── pify@2.3.0
116 silly idealTree ├── pinkie-promise@2.0.1
116 silly idealTree ├── pinkie@2.0.4
116 silly idealTree ├── read-pkg-up@1.0.1
116 silly idealTree ├── read-pkg@1.1.0
116 silly idealTree ├── redent@1.0.0
116 silly idealTree ├── repeating@2.0.1
116 silly idealTree ├── resolve@1.1.7
116 silly idealTree ├── rimraf@2.2.8
116 silly idealTree ├── semver@5.3.0
116 silly idealTree ├── signal-exit@3.0.1
116 silly idealTree ├── spdx-correct@1.0.2
116 silly idealTree ├── spdx-expression-parse@1.0.3
116 silly idealTree ├── spdx-license-ids@1.2.2
116 silly idealTree ├── sprintf-js@1.0.3
116 silly idealTree ├── strip-ansi@3.0.1
116 silly idealTree ├── strip-bom@2.0.0
116 silly idealTree ├── strip-indent@1.0.1
116 silly idealTree ├── supports-color@2.0.0
116 silly idealTree ├── trim-newlines@1.0.0
116 silly idealTree ├── underscore.string@3.2.3
116 silly idealTree ├── validate-npm-package-license@3.0.1
116 silly idealTree ├── vue-material@0.5.1
116 silly idealTree ├── vue@2.1.6
116 silly idealTree ├── which@1.2.11
116 silly idealTree └── wrappy@1.0.2
117 silly generateActionsToTake Starting
118 silly install generateActionsToTake
119 warn checkPermissions Missing write access to /Users/kfrei/node_modules
120 silly rollbackFailedOptional Starting
121 silly rollbackFailedOptional Finishing
122 silly runTopLevelLifecycles Starting
123 silly runTopLevelLifecycles Finishing
124 silly install printInstalled
125 warn enoent ENOENT: no such file or directory, open '/Users/kfrei/package.json'
126 warn kfrei No description
127 warn kfrei No repository field.
128 warn kfrei No README data
129 warn kfrei No license field.
130 verbose stack Error: EACCES: permission denied, access '/Users/kfrei/node_modules'
130 verbose stack     at Error (native)
131 verbose cwd /Users/kfrei/courseraTest/webApp/Schol.io
132 error Darwin 14.3.0
133 error argv "/usr/local/bin/node" "/usr/local/bin/npm" "install" "--save" "vue-material"
134 error node v6.4.0
135 error npm  v3.10.3
136 error path /Users/kfrei/node_modules
137 error code EACCES
138 error errno -13
139 error syscall access
140 error Error: EACCES: permission denied, access '/Users/kfrei/node_modules'
140 error     at Error (native)
140 error  { Error: EACCES: permission denied, access '/Users/kfrei/node_modules'
140 error     at Error (native)
140 error   errno: -13,
140 error   code: 'EACCES',
140 error   syscall: 'access',
140 error   path: '/Users/kfrei/node_modules' }
141 error Please try running this command again as root/Administrator.
142 verbose exit [ -13, true ]
